<?xml version="1.0" encoding="UTF-8"?>
<!-- Generated by org.testng.reporters.JUnitXMLReporter -->
<testsuite hostname="Dlab-VAIO" ignored="0" name="Default test" tests="3" failures="0" timestamp="02 May 2018 14:58:53 GMT" time="32.982" errors="0">
  <testcase name="HomePage_searchTest" time="0.042" classname="com.amzon.testFramework.qa.testCases.HomePage_test"/>
  <testcase name="HomePagelogoTest" time="0.104" classname="com.amzon.testFramework.qa.testCases.HomePage_test"/>
  <testcase name="SearchTest" time="2.585" classname="com.amzon.testFramework.qa.testCases.HomePage_test"/>
</testsuite> <!-- Default test -->
