<?xml version="1.0" encoding="UTF-8"?>
<!-- Generated by org.testng.reporters.JUnitXMLReporter -->
<testsuite hostname="Dlab-VAIO" ignored="0" name="Default test" tests="3" failures="0" timestamp="05 May 2018 08:35:21 GMT" time="26.558" errors="0">
  <testcase name="HomePage_searchTest" time="0.057" classname="com.amzon.testFramework.qa.testCases.HomePage_test"/>
  <testcase name="HomePagelogoTest" time="0.077" classname="com.amzon.testFramework.qa.testCases.HomePage_test"/>
  <testcase name="SearchTest" time="3.39" classname="com.amzon.testFramework.qa.testCases.HomePage_test"/>
</testsuite> <!-- Default test -->
