<?xml version="1.0" encoding="UTF-8"?>
<testng-results skipped="0" failed="0" ignored="0" total="3" passed="3">
  <reporter-output>
  </reporter-output>
  <suite name="Default suite" duration-ms="26558" started-at="2018-05-05T08:34:54Z" finished-at="2018-05-05T08:35:21Z">
    <groups>
    </groups>
    <test name="Default test" duration-ms="26558" started-at="2018-05-05T08:34:54Z" finished-at="2018-05-05T08:35:21Z">
      <class name="com.amzon.testFramework.qa.testCases.HomePage_test">
        <test-method status="PASS" signature="setup()[pri:0, instance:com.amzon.testFramework.qa.testCases.HomePage_test@29774679]" name="setup" is-config="true" duration-ms="9197" started-at="2018-05-05T14:04:54Z" finished-at="2018-05-05T14:05:03Z">
          <reporter-output>
          </reporter-output>
        </test-method> <!-- setup -->
        <test-method status="PASS" signature="HomePage_searchTest()[pri:1, instance:com.amzon.testFramework.qa.testCases.HomePage_test@29774679]" name="HomePage_searchTest" duration-ms="57" started-at="2018-05-05T14:05:03Z" finished-at="2018-05-05T14:05:03Z">
          <reporter-output>
          </reporter-output>
        </test-method> <!-- HomePage_searchTest -->
        <test-method status="PASS" signature="teardn()[pri:0, instance:com.amzon.testFramework.qa.testCases.HomePage_test@29774679]" name="teardn" is-config="true" duration-ms="633" started-at="2018-05-05T14:05:03Z" finished-at="2018-05-05T14:05:04Z">
          <reporter-output>
          </reporter-output>
        </test-method> <!-- teardn -->
        <test-method status="PASS" signature="setup()[pri:0, instance:com.amzon.testFramework.qa.testCases.HomePage_test@29774679]" name="setup" is-config="true" duration-ms="5541" started-at="2018-05-05T14:05:04Z" finished-at="2018-05-05T14:05:09Z">
          <reporter-output>
          </reporter-output>
        </test-method> <!-- setup -->
        <test-method status="PASS" signature="HomePagelogoTest()[pri:2, instance:com.amzon.testFramework.qa.testCases.HomePage_test@29774679]" name="HomePagelogoTest" duration-ms="77" started-at="2018-05-05T14:05:09Z" finished-at="2018-05-05T14:05:10Z">
          <reporter-output>
          </reporter-output>
        </test-method> <!-- HomePagelogoTest -->
        <test-method status="PASS" signature="teardn()[pri:0, instance:com.amzon.testFramework.qa.testCases.HomePage_test@29774679]" name="teardn" is-config="true" duration-ms="733" started-at="2018-05-05T14:05:10Z" finished-at="2018-05-05T14:05:10Z">
          <reporter-output>
          </reporter-output>
        </test-method> <!-- teardn -->
        <test-method status="PASS" signature="setup()[pri:0, instance:com.amzon.testFramework.qa.testCases.HomePage_test@29774679]" name="setup" is-config="true" duration-ms="6207" started-at="2018-05-05T14:05:10Z" finished-at="2018-05-05T14:05:16Z">
          <reporter-output>
          </reporter-output>
        </test-method> <!-- setup -->
        <test-method status="PASS" signature="SearchTest()[pri:3, instance:com.amzon.testFramework.qa.testCases.HomePage_test@29774679]" name="SearchTest" duration-ms="3390" started-at="2018-05-05T14:05:16Z" finished-at="2018-05-05T14:05:20Z">
          <reporter-output>
          </reporter-output>
        </test-method> <!-- SearchTest -->
        <test-method status="PASS" signature="teardn()[pri:0, instance:com.amzon.testFramework.qa.testCases.HomePage_test@29774679]" name="teardn" is-config="true" duration-ms="665" started-at="2018-05-05T14:05:20Z" finished-at="2018-05-05T14:05:21Z">
          <reporter-output>
          </reporter-output>
        </test-method> <!-- teardn -->
      </class> <!-- com.amzon.testFramework.qa.testCases.HomePage_test -->
    </test> <!-- Default test -->
  </suite> <!-- Default suite -->
</testng-results>
